<?xml version="1.0" encoding="UTF-8"?>
<testsuite name="CrapsTest" tests="2" skipped="0" failures="0" errors="0" timestamp="2019-01-21T07:28:14" hostname="celina-spectre" time="0.339">
  <properties/>
  <testcase name="testRoundOneIfReturnSumOf11IsTrue" classname="CrapsTest" time="0.338"/>
  <testcase name="testRoundOneIfReturnSumOf7IsTrue" classname="CrapsTest" time="0.001"/>
  <system-out><![CDATA[]]></system-out>
  <system-err><![CDATA[]]></system-err>
</testsuite>
